\BOOKMARK [1][-]{section.0.1}{Einleitung}{}% 1
\BOOKMARK [2][-]{subsection.0.1.1}{Aufbau der Arbeit}{section.0.1}% 2
\BOOKMARK [1][-]{section.0.2}{Grundlagen}{}% 3
\BOOKMARK [2][-]{subsection.0.2.1}{Verwendete Hardware}{section.0.2}% 4
\BOOKMARK [2][-]{subsection.0.2.2}{Verwendete Software}{section.0.2}% 5
\BOOKMARK [2][-]{subsection.0.2.3}{Time Difference of Arrival \205 TDOA}{section.0.2}% 6
\BOOKMARK [2][-]{subsection.0.2.4}{User Datagram Protocol \205 UDP}{section.0.2}% 7
\BOOKMARK [2][-]{subsection.0.2.5}{Netzwerk-Socket}{section.0.2}% 8
\BOOKMARK [2][-]{subsection.0.2.6}{Indoor/Outdoor Positionsbestimmung}{section.0.2}% 9
\BOOKMARK [2][-]{subsection.0.2.7}{Zeitsynchronisation}{section.0.2}% 10
\BOOKMARK [2][-]{subsection.0.2.8}{Mathematischer Hintergrund \205 Positionsbestimmung}{section.0.2}% 11
\BOOKMARK [1][-]{section.0.3}{Entwurf}{}% 12
\BOOKMARK [2][-]{subsection.0.3.1}{Hardware}{section.0.3}% 13
\BOOKMARK [2][-]{subsection.0.3.2}{Struktur}{section.0.3}% 14
\BOOKMARK [1][-]{section.0.4}{Implementierung}{}% 15
\BOOKMARK [2][-]{subsection.0.4.1}{SparkFun Sound Detector}{section.0.4}% 16
\BOOKMARK [2][-]{subsection.0.4.2}{Modul A}{section.0.4}% 17
\BOOKMARK [2][-]{subsection.0.4.3}{Modul B}{section.0.4}% 18
\BOOKMARK [2][-]{subsection.0.4.4}{Modul C}{section.0.4}% 19
\BOOKMARK [2][-]{subsection.0.4.5}{Modul D}{section.0.4}% 20
\BOOKMARK [2][-]{subsection.0.4.6}{Systemzeit}{section.0.4}% 21
\BOOKMARK [2][-]{subsection.0.4.7}{Zeitsynchronisation}{section.0.4}% 22
\BOOKMARK [2][-]{subsection.0.4.8}{433 MHz Funk Transmitter-Receiver}{section.0.4}% 23
\BOOKMARK [2][-]{subsection.0.4.9}{Software}{section.0.4}% 24
\BOOKMARK [1][-]{section.0.5}{Unit Test}{}% 25
\BOOKMARK [2][-]{subsection.0.5.1}{Quadratische Gleichung}{section.0.5}% 26
\BOOKMARK [2][-]{subsection.0.5.2}{Abstand zweier Punkte}{section.0.5}% 27
\BOOKMARK [2][-]{subsection.0.5.3}{Positionsbestimmung}{section.0.5}% 28
\BOOKMARK [1][-]{section.0.6}{Auswertung}{}% 29
\BOOKMARK [2][-]{subsection.0.6.1}{Hardware}{section.0.6}% 30
\BOOKMARK [2][-]{subsection.0.6.2}{Messergebnis}{section.0.6}% 31
\BOOKMARK [2][-]{subsection.0.6.3}{Software}{section.0.6}% 32
\BOOKMARK [2][-]{subsection.0.6.4}{RIOT}{section.0.6}% 33
\BOOKMARK [2][-]{subsection.0.6.5}{Zeitsynchronisation}{section.0.6}% 34
\BOOKMARK [2][-]{subsection.0.6.6}{Mathematischer Hintergrund}{section.0.6}% 35
\BOOKMARK [1][-]{section.0.7}{Probleme}{}% 36
\BOOKMARK [2][-]{subsection.0.7.1}{Kommunikation Master \205 Slave}{section.0.7}% 37
\BOOKMARK [2][-]{subsection.0.7.2}{Genauigkeit \205 Zeitsynchronisation}{section.0.7}% 38
\BOOKMARK [2][-]{subsection.0.7.3}{Messgenauigkeit}{section.0.7}% 39
\BOOKMARK [1][-]{section.0.8}{Ausblick}{}% 40
\BOOKMARK [1][-]{section.0.9}{Zusammenfassung}{}% 41
\BOOKMARK [1][-]{section.0.9}{Eidesstattliche Erkl\344rung}{}% 42
\BOOKMARK [1][-]{section*.53}{Literaturverzeichnis}{}% 43
\BOOKMARK [1][-]{section.0.10}{Anhang}{}% 44
\BOOKMARK [1][-]{section.Alph0.1}{Mathematische Herleitung}{}% 45
\BOOKMARK [1][-]{section.Alph0.2}{Steuercodes}{}% 46
